<?xml version="1.0" encoding="UTF-8"?>
<testng-results ignored="0" total="1" passed="1" failed="0" skipped="0">
  <reporter-output>
  </reporter-output>
  <suite started-at="2024-09-15T21:57:03 IST" name="US Cocoa automation" finished-at="2024-09-15T21:57:36 IST" duration-ms="33492">
    <groups>
      <group name="cucumber">
        <method signature="AbstractTestNGCucumberTests.runScenario(io.cucumber.testng.PickleWrapper,io.cucumber.testng.FeatureWrapper)[pri:0, instance:com.ecom.runner.RunnerClass@140c9f39]" name="runScenario" class="io.cucumber.testng.AbstractTestNGCucumberTests"/>
      </group> <!-- cucumber -->
    </groups>
    <test started-at="2024-09-15T21:57:03 IST" name="eComm Performance Before Login" finished-at="2024-09-15T21:57:36 IST" duration-ms="33492">
      <class name="com.ecom.runner.RunnerClass">
        <test-method is-config="true" signature="initializeDriver()[pri:0, instance:com.ecom.runner.RunnerClass@140c9f39]" started-at="2024-09-15T21:57:03 IST" name="initializeDriver" finished-at="2024-09-15T21:57:10 IST" duration-ms="7374" status="PASS">
          <reporter-output>
          </reporter-output>
        </test-method> <!-- initializeDriver -->
        <test-method is-config="true" signature="setUpClass(org.testng.ITestContext)[pri:0, instance:com.ecom.runner.RunnerClass@140c9f39]" started-at="2024-09-15T21:57:10 IST" name="setUpClass" finished-at="2024-09-15T21:57:11 IST" duration-ms="1218" status="PASS">
          <params>
            <param index="0">
              <value>
                <![CDATA[org.testng.TestRunner@15e5246]]>
              </value>
            </param>
          </params>
          <reporter-output>
          </reporter-output>
        </test-method> <!-- setUpClass -->
        <test-method is-config="true" signature="initializeReport()[pri:0, instance:com.ecom.runner.RunnerClass@140c9f39]" started-at="2024-09-15T21:57:11 IST" name="initializeReport" finished-at="2024-09-15T21:57:11 IST" duration-ms="1" status="PASS">
          <reporter-output>
          </reporter-output>
        </test-method> <!-- initializeReport -->
        <test-method signature="runScenario(io.cucumber.testng.PickleWrapper,io.cucumber.testng.FeatureWrapper)[pri:0, instance:com.ecom.runner.RunnerClass@140c9f39]" started-at="2024-09-15T21:57:11 IST" name="runScenario" description="Runs Cucumber Scenarios" data-provider="scenarios" finished-at="2024-09-15T21:57:34 IST" duration-ms="22619" status="PASS">
          <params>
            <param index="0">
              <value>
                <![CDATA["Validation for Olam Agri Home page"]]>
              </value>
            </param>
            <param index="1">
              <value>
                <![CDATA["Olam Agri Website Automation"]]>
              </value>
            </param>
          </params>
          <reporter-output>
          </reporter-output>
        </test-method> <!-- runScenario -->
        <test-method is-config="true" signature="afterClass()[pri:0, instance:com.ecom.runner.RunnerClass@140c9f39]" started-at="2024-09-15T21:57:34 IST" name="afterClass" finished-at="2024-09-15T21:57:34 IST" duration-ms="0" status="PASS">
          <reporter-output>
          </reporter-output>
        </test-method> <!-- afterClass -->
        <test-method is-config="true" signature="tearDownClass()[pri:0, instance:com.ecom.runner.RunnerClass@140c9f39]" started-at="2024-09-15T21:57:34 IST" name="tearDownClass" finished-at="2024-09-15T21:57:36 IST" duration-ms="2207" status="PASS">
          <reporter-output>
          </reporter-output>
        </test-method> <!-- tearDownClass -->
        <test-method is-config="true" signature="stopDriver()[pri:0, instance:com.ecom.runner.RunnerClass@140c9f39]" started-at="2024-09-15T21:57:36 IST" name="stopDriver" finished-at="2024-09-15T21:57:37 IST" duration-ms="832" status="PASS">
          <reporter-output>
          </reporter-output>
        </test-method> <!-- stopDriver -->
      </class> <!-- com.ecom.runner.RunnerClass -->
    </test> <!-- eComm Performance Before Login -->
  </suite> <!-- US Cocoa automation -->
</testng-results>
